<?xml version="1.0" encoding="UTF-8"?>
<!-- Generated by org.testng.reporters.JUnitXMLReporter -->
<testsuite ignored="0" hostname="DESKTOP-UP5S9ET" failures="0" tests="3" name="Default test" time="18.708" errors="0" timestamp="2024-06-22T10:38:57 IST">
  <testcase classname="MavPak2.PraticeAutomation" name="class1" time="7.815"/>
  <testcase classname="MavPak2.PraticeAutomation" name="class1" time="4.394"/>
  <testcase classname="MavPak2.PraticeAutomation" name="class1" time="6.248"/>
</testsuite> <!-- Default test -->
