<?xml version="1.0" encoding="UTF-8"?>
<testng-results ignored="0" total="3" passed="3" failed="0" skipped="0">
  <reporter-output>
  </reporter-output>
  <suite started-at="2024-06-22T10:38:38 IST" name="Default suite" finished-at="2024-06-22T10:38:56 IST" duration-ms="18708">
    <groups>
    </groups>
    <test started-at="2024-06-22T10:38:38 IST" name="Default test" finished-at="2024-06-22T10:38:56 IST" duration-ms="18708">
      <class name="MavPak2.PraticeAutomation">
        <test-method signature="class1(java.lang.String,java.lang.String)[pri:0, instance:MavPak2.PraticeAutomation@2034b64c]" started-at="2024-06-22T10:38:38 IST" name="class1" data-provider="logindata" finished-at="2024-06-22T10:38:46 IST" duration-ms="7815" status="PASS">
          <params>
            <param index="0">
              <value>
                <![CDATA[incorrectUser]]>
              </value>
            </param>
            <param index="1">
              <value>
                <![CDATA[Password123]]>
              </value>
            </param>
          </params>
          <reporter-output>
          </reporter-output>
        </test-method> <!-- class1 -->
        <test-method signature="class1(java.lang.String,java.lang.String)[pri:0, instance:MavPak2.PraticeAutomation@2034b64c]" started-at="2024-06-22T10:38:46 IST" name="class1" data-provider="logindata" finished-at="2024-06-22T10:38:50 IST" duration-ms="4394" status="PASS">
          <params>
            <param index="0">
              <value>
                <![CDATA[student]]>
              </value>
            </param>
            <param index="1">
              <value>
                <![CDATA[incorrectPassword ]]>
              </value>
            </param>
          </params>
          <reporter-output>
          </reporter-output>
        </test-method> <!-- class1 -->
        <test-method signature="class1(java.lang.String,java.lang.String)[pri:0, instance:MavPak2.PraticeAutomation@2034b64c]" started-at="2024-06-22T10:38:50 IST" name="class1" data-provider="logindata" finished-at="2024-06-22T10:38:56 IST" duration-ms="6248" status="PASS">
          <params>
            <param index="0">
              <value>
                <![CDATA[student]]>
              </value>
            </param>
            <param index="1">
              <value>
                <![CDATA[Password123]]>
              </value>
            </param>
          </params>
          <reporter-output>
          </reporter-output>
        </test-method> <!-- class1 -->
        <test-method is-config="true" signature="class2()[pri:0, instance:MavPak2.PraticeAutomation@2034b64c]" started-at="2024-06-22T10:38:56 IST" name="class2" finished-at="2024-06-22T10:38:56 IST" duration-ms="148" status="PASS">
          <reporter-output>
          </reporter-output>
        </test-method> <!-- class2 -->
      </class> <!-- MavPak2.PraticeAutomation -->
    </test> <!-- Default test -->
  </suite> <!-- Default suite -->
</testng-results>
